<?xml version="1.0" encoding="UTF-8"?>
<!-- Generated by org.testng.reporters.JUnitReportReporter -->
<testsuite hostname="DESKTOP-U8UT6SL" failures="0" tests="2" name="org.rahulAppium.testCase.TC_01_Ecommerce" time="19.229" errors="0" timestamp="05 Sep 2022 10:50:47 GMT" skipped="0">
  <testcase classname="org.rahulAppium.testCase.TC_01_Ecommerce" name="formFill" time="9.894"/>
  <testcase classname="org.rahulAppium.testCase.TC_01_Ecommerce" name="formFill" time="9.335"/>
</testsuite> <!-- org.rahulAppium.testCase.TC_01_Ecommerce -->
