<?xml version="1.0" encoding="UTF-8"?>
<!-- Generated by org.testng.reporters.JUnitReportReporter -->
<testsuite hostname="DESKTOP-U8UT6SL" failures="0" tests="2" name="org.rahulAppium.testCase.TC_01_Ecommerce" time="18.737" errors="0" timestamp="05 Sep 2022 14:55:12 GMT" skipped="0">
  <testcase classname="org.rahulAppium.testCase.TC_01_Ecommerce" name="formFill" time="9.353"/>
  <testcase classname="org.rahulAppium.testCase.TC_01_Ecommerce" name="formFill" time="9.384"/>
</testsuite> <!-- org.rahulAppium.testCase.TC_01_Ecommerce -->
