<?xml version="1.0" encoding="UTF-8"?>
<!-- Generated by org.testng.reporters.JUnitReportReporter -->
<testsuite hostname="DESKTOP-U8UT6SL" failures="0" tests="2" name="org.rahulAppium.testCase.TC02_Ecommerce" time="19.337" errors="0" timestamp="05 Sep 2022 14:51:35 GMT" skipped="0">
  <testcase classname="org.rahulAppium.testCase.TC02_Ecommerce" name="formPage_positiveTestcase" time="9.576"/>
  <testcase classname="org.rahulAppium.testCase.TC02_Ecommerce" name="formPage_negativeTestcase" time="9.761"/>
</testsuite> <!-- org.rahulAppium.testCase.TC02_Ecommerce -->
